{"C:\\Users\\malik.ertugrul\\Desktop\\deneme\\Challenge\\src\\api\\apiUtils.js": {"path":"C:\\Users\\malik.ertugrul\\Desktop\\deneme\\Challenge\\src\\api\\apiUtils.js","statementMap":{"0":{"start":{"line":1,"column":24},"end":{"line":11,"column":1}},"1":{"start":{"line":3,"column":8},"end":{"line":9,"column":9}},"2":{"start":{"line":4,"column":12},"end":{"line":4,"column":28}},"3":{"start":{"line":6,"column":26},"end":{"line":6,"column":56}},"4":{"start":{"line":7,"column":12},"end":{"line":7,"column":38}},"5":{"start":{"line":8,"column":12},"end":{"line":8,"column":24}}},"fnMap":{"0":{"name":"(anonymous_0)","decl":{"start":{"line":2,"column":17},"end":{"line":2,"column":18}},"loc":{"start":{"line":2,"column":37},"end":{"line":10,"column":5}},"line":2}},"branchMap":{"0":{"loc":{"start":{"line":3,"column":8},"end":{"line":9,"column":9}},"type":"if","locations":[{"start":{"line":3,"column":8},"end":{"line":9,"column":9}},{"start":{"line":5,"column":15},"end":{"line":9,"column":9}}],"line":3}},"s":{"0":1,"1":2,"2":0,"3":2,"4":2,"5":2},"f":{"0":2},"b":{"0":[0,2]},"_coverageSchema":"1a1c01bbd47fc00a2c39e90264f33305004495a9","hash":"f0b0fc1453f5d36724428b700bb4819029df0a41"}
,"C:\\Users\\malik.ertugrul\\Desktop\\deneme\\Challenge\\src\\api\\index.js": {"path":"C:\\Users\\malik.ertugrul\\Desktop\\deneme\\Challenge\\src\\api\\index.js","statementMap":{"0":{"start":{"line":3,"column":16},"end":{"line":3,"column":70}},"1":{"start":{"line":7,"column":8},"end":{"line":12,"column":27}},"2":{"start":{"line":11,"column":30},"end":{"line":11,"column":45}},"3":{"start":{"line":12,"column":24},"end":{"line":12,"column":25}},"4":{"start":{"line":15,"column":8},"end":{"line":21,"column":27}},"5":{"start":{"line":20,"column":30},"end":{"line":20,"column":45}},"6":{"start":{"line":21,"column":24},"end":{"line":21,"column":25}}},"fnMap":{"0":{"name":"(anonymous_0)","decl":{"start":{"line":6,"column":19},"end":{"line":6,"column":20}},"loc":{"start":{"line":6,"column":31},"end":{"line":13,"column":5}},"line":6},"1":{"name":"(anonymous_1)","decl":{"start":{"line":11,"column":18},"end":{"line":11,"column":19}},"loc":{"start":{"line":11,"column":30},"end":{"line":11,"column":45}},"line":11},"2":{"name":"(anonymous_2)","decl":{"start":{"line":12,"column":19},"end":{"line":12,"column":20}},"loc":{"start":{"line":12,"column":24},"end":{"line":12,"column":25}},"line":12},"3":{"name":"(anonymous_3)","decl":{"start":{"line":14,"column":22},"end":{"line":14,"column":23}},"loc":{"start":{"line":14,"column":45},"end":{"line":22,"column":5}},"line":14},"4":{"name":"(anonymous_4)","decl":{"start":{"line":20,"column":18},"end":{"line":20,"column":19}},"loc":{"start":{"line":20,"column":30},"end":{"line":20,"column":45}},"line":20},"5":{"name":"(anonymous_5)","decl":{"start":{"line":21,"column":19},"end":{"line":21,"column":20}},"loc":{"start":{"line":21,"column":24},"end":{"line":21,"column":25}},"line":21}},"branchMap":{},"s":{"0":1,"1":2,"2":0,"3":1,"4":1,"5":0,"6":1},"f":{"0":2,"1":0,"2":1,"3":1,"4":0,"5":1},"b":{},"_coverageSchema":"1a1c01bbd47fc00a2c39e90264f33305004495a9","hash":"2dbc9cda007cd6486d57067b009d4ecc45ed249a"}
,"C:\\Users\\malik.ertugrul\\Desktop\\deneme\\Challenge\\src\\assets\\images\\indir.png": {"path":"C:\\Users\\malik.ertugrul\\Desktop\\deneme\\Challenge\\src\\assets\\images\\indir.png","statementMap":{"0":{"start":{"line":1,"column":0},"end":{"line":4,"column":6}}},"fnMap":{},"branchMap":{},"s":{"0":1},"f":{},"b":{},"inputSourceMap":null,"_coverageSchema":"1a1c01bbd47fc00a2c39e90264f33305004495a9","hash":"7fcc05abb64a7a2c91245342591ba044ed7cc5f6"}
,"C:\\Users\\malik.ertugrul\\Desktop\\deneme\\Challenge\\src\\assets\\images\\notFound.jpg": {"path":"C:\\Users\\malik.ertugrul\\Desktop\\deneme\\Challenge\\src\\assets\\images\\notFound.jpg","statementMap":{"0":{"start":{"line":1,"column":0},"end":{"line":4,"column":6}}},"fnMap":{},"branchMap":{},"s":{"0":1},"f":{},"b":{},"inputSourceMap":null,"_coverageSchema":"1a1c01bbd47fc00a2c39e90264f33305004495a9","hash":"4c397ed3a2bf73c8cfb40c7988b17cfc97b27ae9"}
,"C:\\Users\\malik.ertugrul\\Desktop\\deneme\\Challenge\\src\\components\\Spinner.js": {"path":"C:\\Users\\malik.ertugrul\\Desktop\\deneme\\Challenge\\src\\components\\Spinner.js","statementMap":{"0":{"start":{"line":4,"column":16},"end":{"line":4,"column":56}},"1":{"start":{"line":4,"column":22},"end":{"line":4,"column":56}}},"fnMap":{"0":{"name":"(anonymous_0)","decl":{"start":{"line":4,"column":16},"end":{"line":4,"column":17}},"loc":{"start":{"line":4,"column":22},"end":{"line":4,"column":56}},"line":4}},"branchMap":{},"s":{"0":1,"1":1},"f":{"0":1},"b":{},"_coverageSchema":"1a1c01bbd47fc00a2c39e90264f33305004495a9","hash":"a46615c94d964fbcc6e81f16fb68a29898fa4903"}
,"C:\\Users\\malik.ertugrul\\Desktop\\deneme\\Challenge\\src\\constants\\Colors.js": {"path":"C:\\Users\\malik.ertugrul\\Desktop\\deneme\\Challenge\\src\\constants\\Colors.js","statementMap":{},"fnMap":{},"branchMap":{},"s":{},"f":{},"b":{},"_coverageSchema":"1a1c01bbd47fc00a2c39e90264f33305004495a9","hash":"ed4066c31087eb5817f8f493d5bcd37c9c6feba2"}
,"C:\\Users\\malik.ertugrul\\Desktop\\deneme\\Challenge\\src\\constants\\Images.js": {"path":"C:\\Users\\malik.ertugrul\\Desktop\\deneme\\Challenge\\src\\constants\\Images.js","statementMap":{},"fnMap":{},"branchMap":{},"s":{},"f":{},"b":{},"_coverageSchema":"1a1c01bbd47fc00a2c39e90264f33305004495a9","hash":"bd095b0dcbedf6803e76931b10d1c156efb1006a"}
,"C:\\Users\\malik.ertugrul\\Desktop\\deneme\\Challenge\\src\\constants\\Layout.js": {"path":"C:\\Users\\malik.ertugrul\\Desktop\\deneme\\Challenge\\src\\constants\\Layout.js","statementMap":{},"fnMap":{},"branchMap":{},"s":{},"f":{},"b":{},"_coverageSchema":"1a1c01bbd47fc00a2c39e90264f33305004495a9","hash":"799a85809798fc0d5f14e2afd096db39def836bd"}
,"C:\\Users\\malik.ertugrul\\Desktop\\deneme\\Challenge\\src\\constants\\index.js": {"path":"C:\\Users\\malik.ertugrul\\Desktop\\deneme\\Challenge\\src\\constants\\index.js","statementMap":{},"fnMap":{},"branchMap":{},"s":{},"f":{},"b":{},"_coverageSchema":"1a1c01bbd47fc00a2c39e90264f33305004495a9","hash":"d49760c8315e92038730ffdd151381329bd9c3f1"}
,"C:\\Users\\malik.ertugrul\\Desktop\\deneme\\Challenge\\src\\redux\\Store.js": {"path":"C:\\Users\\malik.ertugrul\\Desktop\\deneme\\Challenge\\src\\redux\\Store.js","statementMap":{"0":{"start":{"line":5,"column":21},"end":{"line":9,"column":1}}},"fnMap":{},"branchMap":{},"s":{"0":1},"f":{},"b":{},"_coverageSchema":"1a1c01bbd47fc00a2c39e90264f33305004495a9","hash":"942a05fb0d85009d71433a3253418b566ea05c89"}
,"C:\\Users\\malik.ertugrul\\Desktop\\deneme\\Challenge\\src\\redux\\action\\actionTypes.js": {"path":"C:\\Users\\malik.ertugrul\\Desktop\\deneme\\Challenge\\src\\redux\\action\\actionTypes.js","statementMap":{"0":{"start":{"line":1,"column":37},"end":{"line":1,"column":60}},"1":{"start":{"line":2,"column":27},"end":{"line":2,"column":40}},"2":{"start":{"line":3,"column":35},"end":{"line":3,"column":56}}},"fnMap":{},"branchMap":{},"s":{"0":1,"1":1,"2":1},"f":{},"b":{},"_coverageSchema":"1a1c01bbd47fc00a2c39e90264f33305004495a9","hash":"5cb0d91a9102803dfe0fd8f9356e4f6a3e45e586"}
,"C:\\Users\\malik.ertugrul\\Desktop\\deneme\\Challenge\\src\\redux\\action\\index.js": {"path":"C:\\Users\\malik.ertugrul\\Desktop\\deneme\\Challenge\\src\\redux\\action\\index.js","statementMap":{"0":{"start":{"line":8,"column":32},"end":{"line":13,"column":1}},"1":{"start":{"line":8,"column":42},"end":{"line":13,"column":1}},"2":{"start":{"line":9,"column":4},"end":{"line":12,"column":7}},"3":{"start":{"line":18,"column":31},"end":{"line":23,"column":1}},"4":{"start":{"line":18,"column":41},"end":{"line":23,"column":1}},"5":{"start":{"line":19,"column":4},"end":{"line":22,"column":7}},"6":{"start":{"line":25,"column":26},"end":{"line":31,"column":1}},"7":{"start":{"line":25,"column":35},"end":{"line":31,"column":1}},"8":{"start":{"line":26,"column":4},"end":{"line":30,"column":7}}},"fnMap":{"0":{"name":"(anonymous_0)","decl":{"start":{"line":8,"column":32},"end":{"line":8,"column":33}},"loc":{"start":{"line":8,"column":42},"end":{"line":13,"column":1}},"line":8},"1":{"name":"(anonymous_1)","decl":{"start":{"line":8,"column":42},"end":{"line":8,"column":43}},"loc":{"start":{"line":8,"column":56},"end":{"line":13,"column":1}},"line":8},"2":{"name":"(anonymous_2)","decl":{"start":{"line":18,"column":31},"end":{"line":18,"column":32}},"loc":{"start":{"line":18,"column":41},"end":{"line":23,"column":1}},"line":18},"3":{"name":"(anonymous_3)","decl":{"start":{"line":18,"column":41},"end":{"line":18,"column":42}},"loc":{"start":{"line":18,"column":55},"end":{"line":23,"column":1}},"line":18},"4":{"name":"(anonymous_4)","decl":{"start":{"line":25,"column":26},"end":{"line":25,"column":27}},"loc":{"start":{"line":25,"column":35},"end":{"line":31,"column":1}},"line":25},"5":{"name":"(anonymous_5)","decl":{"start":{"line":25,"column":35},"end":{"line":25,"column":36}},"loc":{"start":{"line":25,"column":49},"end":{"line":31,"column":1}},"line":25}},"branchMap":{},"s":{"0":1,"1":0,"2":0,"3":1,"4":0,"5":0,"6":1,"7":1,"8":1},"f":{"0":0,"1":0,"2":0,"3":0,"4":1,"5":1},"b":{},"_coverageSchema":"1a1c01bbd47fc00a2c39e90264f33305004495a9","hash":"49b9c81337706eefc20e0f06ef141ea6f04e66ff"}
,"C:\\Users\\malik.ertugrul\\Desktop\\deneme\\Challenge\\src\\redux\\reducer\\SystemReducer.js": {"path":"C:\\Users\\malik.ertugrul\\Desktop\\deneme\\Challenge\\src\\redux\\reducer\\SystemReducer.js","statementMap":{"0":{"start":{"line":8,"column":21},"end":{"line":11,"column":1}},"1":{"start":{"line":14,"column":29},"end":{"line":33,"column":1}},"2":{"start":{"line":15,"column":4},"end":{"line":31,"column":5}},"3":{"start":{"line":18,"column":12},"end":{"line":20,"column":13}},"4":{"start":{"line":23,"column":12},"end":{"line":26,"column":13}},"5":{"start":{"line":25,"column":66},"end":{"line":25,"column":91}},"6":{"start":{"line":28,"column":12},"end":{"line":28,"column":56}},"7":{"start":{"line":30,"column":12},"end":{"line":30,"column":25}}},"fnMap":{"0":{"name":"(anonymous_0)","decl":{"start":{"line":14,"column":29},"end":{"line":14,"column":30}},"loc":{"start":{"line":14,"column":63},"end":{"line":33,"column":1}},"line":14},"1":{"name":"(anonymous_1)","decl":{"start":{"line":25,"column":58},"end":{"line":25,"column":59}},"loc":{"start":{"line":25,"column":66},"end":{"line":25,"column":91}},"line":25}},"branchMap":{"0":{"loc":{"start":{"line":14,"column":30},"end":{"line":14,"column":50}},"type":"default-arg","locations":[{"start":{"line":14,"column":38},"end":{"line":14,"column":50}}],"line":14},"1":{"loc":{"start":{"line":15,"column":4},"end":{"line":31,"column":5}},"type":"switch","locations":[{"start":{"line":17,"column":8},"end":{"line":20,"column":13}},{"start":{"line":22,"column":8},"end":{"line":26,"column":13}},{"start":{"line":27,"column":8},"end":{"line":28,"column":56}},{"start":{"line":29,"column":8},"end":{"line":30,"column":25}}],"line":15}},"s":{"0":1,"1":1,"2":6,"3":1,"4":0,"5":0,"6":1,"7":4},"f":{"0":6,"1":0},"b":{"0":[5],"1":[1,0,1,4]},"_coverageSchema":"1a1c01bbd47fc00a2c39e90264f33305004495a9","hash":"9c83cba7151312bd32511e8ff89cbd6a01ab354b"}
,"C:\\Users\\malik.ertugrul\\Desktop\\deneme\\Challenge\\src\\redux\\reducer\\index.js": {"path":"C:\\Users\\malik.ertugrul\\Desktop\\deneme\\Challenge\\src\\redux\\reducer\\index.js","statementMap":{"0":{"start":{"line":4,"column":24},"end":{"line":6,"column":2}}},"fnMap":{},"branchMap":{},"s":{"0":1},"f":{},"b":{},"_coverageSchema":"1a1c01bbd47fc00a2c39e90264f33305004495a9","hash":"66302f05e5d83b323059732b370f154bdb1faae4"}
,"C:\\Users\\malik.ertugrul\\Desktop\\deneme\\Challenge\\src\\screens\\addCharacter\\index.js": {"path":"C:\\Users\\malik.ertugrul\\Desktop\\deneme\\Challenge\\src\\screens\\addCharacter\\index.js","statementMap":{"0":{"start":{"line":9,"column":21},"end":{"line":84,"column":1}},"1":{"start":{"line":10,"column":21},"end":{"line":10,"column":34}},"2":{"start":{"line":12,"column":38},"end":{"line":19,"column":6}},"3":{"start":{"line":22,"column":23},"end":{"line":24,"column":5}},"4":{"start":{"line":23,"column":8},"end":{"line":23,"column":57}},"5":{"start":{"line":23,"column":30},"end":{"line":23,"column":55}},"6":{"start":{"line":27,"column":26},"end":{"line":42,"column":5}},"7":{"start":{"line":28,"column":8},"end":{"line":38,"column":9}},"8":{"start":{"line":29,"column":12},"end":{"line":29,"column":94}},"9":{"start":{"line":31,"column":12},"end":{"line":31,"column":31}},"10":{"start":{"line":32,"column":12},"end":{"line":37,"column":14}},"11":{"start":{"line":33,"column":38},"end":{"line":33,"column":54}},"12":{"start":{"line":34,"column":16},"end":{"line":34,"column":45}},"13":{"start":{"line":35,"column":16},"end":{"line":35,"column":75}},"14":{"start":{"line":36,"column":16},"end":{"line":36,"column":57}},"15":{"start":{"line":44,"column":4},"end":{"line":83,"column":5}},"16":{"start":{"line":53,"column":42},"end":{"line":53,"column":66}},"17":{"start":{"line":59,"column":42},"end":{"line":59,"column":65}},"18":{"start":{"line":67,"column":42},"end":{"line":67,"column":67}},"19":{"start":{"line":74,"column":42},"end":{"line":74,"column":68}},"20":{"start":{"line":78,"column":45},"end":{"line":78,"column":60}}},"fnMap":{"0":{"name":"(anonymous_0)","decl":{"start":{"line":9,"column":21},"end":{"line":9,"column":22}},"loc":{"start":{"line":9,"column":48},"end":{"line":84,"column":1}},"line":9},"1":{"name":"(anonymous_1)","decl":{"start":{"line":22,"column":23},"end":{"line":22,"column":24}},"loc":{"start":{"line":22,"column":39},"end":{"line":24,"column":5}},"line":22},"2":{"name":"(anonymous_2)","decl":{"start":{"line":23,"column":21},"end":{"line":23,"column":22}},"loc":{"start":{"line":23,"column":30},"end":{"line":23,"column":55}},"line":23},"3":{"name":"(anonymous_3)","decl":{"start":{"line":27,"column":26},"end":{"line":27,"column":27}},"loc":{"start":{"line":27,"column":32},"end":{"line":42,"column":5}},"line":27},"4":{"name":"(anonymous_4)","decl":{"start":{"line":32,"column":46},"end":{"line":32,"column":47}},"loc":{"start":{"line":32,"column":54},"end":{"line":37,"column":13}},"line":32},"5":{"name":"(anonymous_5)","decl":{"start":{"line":53,"column":34},"end":{"line":53,"column":35}},"loc":{"start":{"line":53,"column":42},"end":{"line":53,"column":66}},"line":53},"6":{"name":"(anonymous_6)","decl":{"start":{"line":59,"column":34},"end":{"line":59,"column":35}},"loc":{"start":{"line":59,"column":42},"end":{"line":59,"column":65}},"line":59},"7":{"name":"(anonymous_7)","decl":{"start":{"line":67,"column":34},"end":{"line":67,"column":35}},"loc":{"start":{"line":67,"column":42},"end":{"line":67,"column":67}},"line":67},"8":{"name":"(anonymous_8)","decl":{"start":{"line":74,"column":34},"end":{"line":74,"column":35}},"loc":{"start":{"line":74,"column":42},"end":{"line":74,"column":68}},"line":74},"9":{"name":"(anonymous_9)","decl":{"start":{"line":78,"column":39},"end":{"line":78,"column":40}},"loc":{"start":{"line":78,"column":45},"end":{"line":78,"column":60}},"line":78}},"branchMap":{"0":{"loc":{"start":{"line":28,"column":8},"end":{"line":38,"column":9}},"type":"if","locations":[{"start":{"line":28,"column":8},"end":{"line":38,"column":9}},{"start":{"line":30,"column":15},"end":{"line":38,"column":9}}],"line":28}},"s":{"0":1,"1":8,"2":8,"3":8,"4":4,"5":4,"6":8,"7":0,"8":0,"9":0,"10":0,"11":0,"12":0,"13":0,"14":0,"15":8,"16":1,"17":1,"18":1,"19":1,"20":0},"f":{"0":8,"1":4,"2":4,"3":0,"4":0,"5":1,"6":1,"7":1,"8":1,"9":0},"b":{"0":[0,0]},"_coverageSchema":"1a1c01bbd47fc00a2c39e90264f33305004495a9","hash":"25b44c396ceac4ee35fb6d13a3874c77de95ec17"}
,"C:\\Users\\malik.ertugrul\\Desktop\\deneme\\Challenge\\src\\screens\\addCharacter\\components\\CustomButton.js": {"path":"C:\\Users\\malik.ertugrul\\Desktop\\deneme\\Challenge\\src\\screens\\addCharacter\\components\\CustomButton.js","statementMap":{"0":{"start":{"line":5,"column":21},"end":{"line":14,"column":1}},"1":{"start":{"line":6,"column":4},"end":{"line":13,"column":5}},"2":{"start":{"line":18,"column":15},"end":{"line":31,"column":2}}},"fnMap":{"0":{"name":"(anonymous_0)","decl":{"start":{"line":5,"column":21},"end":{"line":5,"column":22}},"loc":{"start":{"line":5,"column":38},"end":{"line":14,"column":1}},"line":5}},"branchMap":{},"s":{"0":1,"1":9,"2":1},"f":{"0":9},"b":{},"_coverageSchema":"1a1c01bbd47fc00a2c39e90264f33305004495a9","hash":"e0e8e3dc286c56e54c32a3795dbae4e15d8642c2"}
,"C:\\Users\\malik.ertugrul\\Desktop\\deneme\\Challenge\\src\\screens\\addCharacter\\components\\Input.js": {"path":"C:\\Users\\malik.ertugrul\\Desktop\\deneme\\Challenge\\src\\screens\\addCharacter\\components\\Input.js","statementMap":{"0":{"start":{"line":4,"column":14},"end":{"line":24,"column":1}},"1":{"start":{"line":11,"column":4},"end":{"line":23,"column":5}},"2":{"start":{"line":28,"column":15},"end":{"line":37,"column":2}}},"fnMap":{"0":{"name":"(anonymous_0)","decl":{"start":{"line":4,"column":14},"end":{"line":4,"column":15}},"loc":{"start":{"line":10,"column":16},"end":{"line":24,"column":1}},"line":10}},"branchMap":{},"s":{"0":1,"1":33,"2":1},"f":{"0":33},"b":{},"_coverageSchema":"1a1c01bbd47fc00a2c39e90264f33305004495a9","hash":"c9717e953f719a755173db40f106d4f44b4657bb"}
,"C:\\Users\\malik.ertugrul\\Desktop\\deneme\\Challenge\\src\\screens\\home\\index.js": {"path":"C:\\Users\\malik.ertugrul\\Desktop\\deneme\\Challenge\\src\\screens\\home\\index.js","statementMap":{"0":{"start":{"line":14,"column":13},"end":{"line":94,"column":1}},"1":{"start":{"line":15,"column":39},"end":{"line":15,"column":80}},"2":{"start":{"line":15,"column":60},"end":{"line":15,"column":79}},"3":{"start":{"line":16,"column":21},"end":{"line":16,"column":34}},"4":{"start":{"line":18,"column":24},"end":{"line":18,"column":43}},"5":{"start":{"line":23,"column":20},"end":{"line":48,"column":5}},"6":{"start":{"line":24,"column":25},"end":{"line":24,"column":59}},"7":{"start":{"line":25,"column":8},"end":{"line":25,"column":55}},"8":{"start":{"line":26,"column":8},"end":{"line":47,"column":9}},"9":{"start":{"line":27,"column":12},"end":{"line":27,"column":39}},"10":{"start":{"line":28,"column":30},"end":{"line":28,"column":50}},"11":{"start":{"line":29,"column":12},"end":{"line":29,"column":49}},"12":{"start":{"line":32,"column":12},"end":{"line":46,"column":43}},"13":{"start":{"line":34,"column":20},"end":{"line":42,"column":21}},"14":{"start":{"line":35,"column":24},"end":{"line":35,"column":51}},"15":{"start":{"line":36,"column":24},"end":{"line":36,"column":84}},"16":{"start":{"line":37,"column":24},"end":{"line":37,"column":60}},"17":{"start":{"line":40,"column":24},"end":{"line":40,"column":104}},"18":{"start":{"line":41,"column":24},"end":{"line":41,"column":58}},"19":{"start":{"line":46,"column":28},"end":{"line":46,"column":42}},"20":{"start":{"line":50,"column":4},"end":{"line":53,"column":10}},"21":{"start":{"line":51,"column":8},"end":{"line":51,"column":18}},"22":{"start":{"line":52,"column":8},"end":{"line":52,"column":34}},"23":{"start":{"line":55,"column":4},"end":{"line":58,"column":23}},"24":{"start":{"line":56,"column":8},"end":{"line":56,"column":51}},"25":{"start":{"line":57,"column":8},"end":{"line":57,"column":67}},"26":{"start":{"line":60,"column":4},"end":{"line":93,"column":5}},"27":{"start":{"line":71,"column":54},"end":{"line":71,"column":67}},"28":{"start":{"line":73,"column":46},"end":{"line":73,"column":53}},"29":{"start":{"line":75,"column":28},"end":{"line":80,"column":30}},"30":{"start":{"line":77,"column":47},"end":{"line":77,"column":93}},"31":{"start":{"line":78,"column":49},"end":{"line":78,"column":83}},"32":{"start":{"line":88,"column":33},"end":{"line":88,"column":68}}},"fnMap":{"0":{"name":"(anonymous_0)","decl":{"start":{"line":14,"column":13},"end":{"line":14,"column":14}},"loc":{"start":{"line":14,"column":33},"end":{"line":94,"column":1}},"line":14},"1":{"name":"(anonymous_1)","decl":{"start":{"line":15,"column":51},"end":{"line":15,"column":52}},"loc":{"start":{"line":15,"column":60},"end":{"line":15,"column":79}},"line":15},"2":{"name":"(anonymous_2)","decl":{"start":{"line":23,"column":20},"end":{"line":23,"column":21}},"loc":{"start":{"line":23,"column":32},"end":{"line":48,"column":5}},"line":23},"3":{"name":"(anonymous_3)","decl":{"start":{"line":33,"column":37},"end":{"line":33,"column":38}},"loc":{"start":{"line":33,"column":57},"end":{"line":44,"column":17}},"line":33},"4":{"name":"(anonymous_4)","decl":{"start":{"line":46,"column":23},"end":{"line":46,"column":24}},"loc":{"start":{"line":46,"column":28},"end":{"line":46,"column":42}},"line":46},"5":{"name":"(anonymous_5)","decl":{"start":{"line":50,"column":14},"end":{"line":50,"column":15}},"loc":{"start":{"line":50,"column":20},"end":{"line":53,"column":5}},"line":50},"6":{"name":"(anonymous_6)","decl":{"start":{"line":55,"column":14},"end":{"line":55,"column":15}},"loc":{"start":{"line":55,"column":20},"end":{"line":58,"column":5}},"line":55},"7":{"name":"(anonymous_7)","decl":{"start":{"line":71,"column":48},"end":{"line":71,"column":49}},"loc":{"start":{"line":71,"column":54},"end":{"line":71,"column":67}},"line":71},"8":{"name":"(anonymous_8)","decl":{"start":{"line":73,"column":38},"end":{"line":73,"column":39}},"loc":{"start":{"line":73,"column":46},"end":{"line":73,"column":53}},"line":73},"9":{"name":"(anonymous_9)","decl":{"start":{"line":74,"column":36},"end":{"line":74,"column":37}},"loc":{"start":{"line":75,"column":28},"end":{"line":80,"column":30}},"line":75},"10":{"name":"(anonymous_10)","decl":{"start":{"line":77,"column":41},"end":{"line":77,"column":42}},"loc":{"start":{"line":77,"column":47},"end":{"line":77,"column":93}},"line":77},"11":{"name":"(anonymous_11)","decl":{"start":{"line":78,"column":43},"end":{"line":78,"column":44}},"loc":{"start":{"line":78,"column":49},"end":{"line":78,"column":83}},"line":78},"12":{"name":"(anonymous_12)","decl":{"start":{"line":88,"column":27},"end":{"line":88,"column":28}},"loc":{"start":{"line":88,"column":33},"end":{"line":88,"column":68}},"line":88}},"branchMap":{"0":{"loc":{"start":{"line":26,"column":8},"end":{"line":47,"column":9}},"type":"if","locations":[{"start":{"line":26,"column":8},"end":{"line":47,"column":9}},{"start":{"line":31,"column":15},"end":{"line":47,"column":9}}],"line":26},"1":{"loc":{"start":{"line":34,"column":20},"end":{"line":42,"column":21}},"type":"if","locations":[{"start":{"line":34,"column":20},"end":{"line":42,"column":21}},{"start":{"line":39,"column":27},"end":{"line":42,"column":21}}],"line":34},"2":{"loc":{"start":{"line":63,"column":13},"end":{"line":85,"column":31}},"type":"cond-expr","locations":[{"start":{"line":64,"column":16},"end":{"line":67,"column":23}},{"start":{"line":69,"column":16},"end":{"line":85,"column":31}}],"line":63}},"s":{"0":1,"1":2,"2":3,"3":2,"4":2,"5":2,"6":1,"7":1,"8":1,"9":0,"10":0,"11":0,"12":1,"13":0,"14":0,"15":0,"16":0,"17":0,"18":0,"19":0,"20":2,"21":1,"22":1,"23":2,"24":1,"25":1,"26":2,"27":0,"28":0,"29":0,"30":0,"31":0,"32":0},"f":{"0":2,"1":3,"2":1,"3":0,"4":0,"5":1,"6":1,"7":0,"8":0,"9":0,"10":0,"11":0,"12":0},"b":{"0":[0,1],"1":[0,0],"2":[1,1]},"_coverageSchema":"1a1c01bbd47fc00a2c39e90264f33305004495a9","hash":"e80bd7efa39b1c92f27dd318307025bac39cfce6"}
,"C:\\Users\\malik.ertugrul\\Desktop\\deneme\\Challenge\\src\\screens\\home\\components\\AddItem.js": {"path":"C:\\Users\\malik.ertugrul\\Desktop\\deneme\\Challenge\\src\\screens\\home\\components\\AddItem.js","statementMap":{"0":{"start":{"line":6,"column":16},"end":{"line":19,"column":1}},"1":{"start":{"line":7,"column":4},"end":{"line":18,"column":5}},"2":{"start":{"line":23,"column":15},"end":{"line":34,"column":2}}},"fnMap":{"0":{"name":"(anonymous_0)","decl":{"start":{"line":6,"column":16},"end":{"line":6,"column":17}},"loc":{"start":{"line":6,"column":35},"end":{"line":19,"column":1}},"line":6}},"branchMap":{},"s":{"0":1,"1":3,"2":1},"f":{"0":3},"b":{},"_coverageSchema":"1a1c01bbd47fc00a2c39e90264f33305004495a9","hash":"4c3dd95fc84910411bd0639b94e2c85e3fbb0f48"}
,"C:\\Users\\malik.ertugrul\\Desktop\\deneme\\Challenge\\src\\screens\\home\\components\\Icon.js": {"path":"C:\\Users\\malik.ertugrul\\Desktop\\deneme\\Challenge\\src\\screens\\home\\components\\Icon.js","statementMap":{"0":{"start":{"line":7,"column":13},"end":{"line":16,"column":1}},"1":{"start":{"line":8,"column":4},"end":{"line":15,"column":5}},"2":{"start":{"line":20,"column":15},"end":{"line":20,"column":36}}},"fnMap":{"0":{"name":"(anonymous_0)","decl":{"start":{"line":7,"column":13},"end":{"line":7,"column":14}},"loc":{"start":{"line":7,"column":51},"end":{"line":16,"column":1}},"line":7}},"branchMap":{},"s":{"0":1,"1":4,"2":1},"f":{"0":4},"b":{},"_coverageSchema":"1a1c01bbd47fc00a2c39e90264f33305004495a9","hash":"0a7953b965b326bbfc34333feed6373a5d5b5551"}
,"C:\\Users\\malik.ertugrul\\Desktop\\deneme\\Challenge\\src\\screens\\home\\components\\RenderItem.js": {"path":"C:\\Users\\malik.ertugrul\\Desktop\\deneme\\Challenge\\src\\screens\\home\\components\\RenderItem.js","statementMap":{"0":{"start":{"line":6,"column":19},"end":{"line":33,"column":1}},"1":{"start":{"line":8,"column":4},"end":{"line":32,"column":5}},"2":{"start":{"line":37,"column":15},"end":{"line":58,"column":2}}},"fnMap":{"0":{"name":"(anonymous_0)","decl":{"start":{"line":6,"column":19},"end":{"line":6,"column":20}},"loc":{"start":{"line":6,"column":53},"end":{"line":33,"column":1}},"line":6}},"branchMap":{},"s":{"0":1,"1":0,"2":1},"f":{"0":0},"b":{},"_coverageSchema":"1a1c01bbd47fc00a2c39e90264f33305004495a9","hash":"cf5271a18de09d68eb5386e554504c1bae9c51de"}
,"C:\\Users\\malik.ertugrul\\Desktop\\deneme\\Challenge\\src\\screens\\home\\components\\Seperator.js": {"path":"C:\\Users\\malik.ertugrul\\Desktop\\deneme\\Challenge\\src\\screens\\home\\components\\Seperator.js","statementMap":{"0":{"start":{"line":4,"column":18},"end":{"line":9,"column":1}},"1":{"start":{"line":5,"column":4},"end":{"line":8,"column":5}},"2":{"start":{"line":13,"column":15},"end":{"line":18,"column":2}}},"fnMap":{"0":{"name":"(anonymous_0)","decl":{"start":{"line":4,"column":18},"end":{"line":4,"column":19}},"loc":{"start":{"line":4,"column":24},"end":{"line":9,"column":1}},"line":4}},"branchMap":{},"s":{"0":1,"1":1,"2":1},"f":{"0":1},"b":{},"_coverageSchema":"1a1c01bbd47fc00a2c39e90264f33305004495a9","hash":"3c3792ea07c653b46a10d54421388c3c268e332d"}
,"C:\\Users\\malik.ertugrul\\Desktop\\deneme\\Challenge\\src\\screens\\home\\utils\\deleteItem.js": {"path":"C:\\Users\\malik.ertugrul\\Desktop\\deneme\\Challenge\\src\\screens\\home\\utils\\deleteItem.js","statementMap":{"0":{"start":{"line":1,"column":26},"end":{"line":4,"column":1}},"1":{"start":{"line":2,"column":20},"end":{"line":2,"column":54}},"2":{"start":{"line":2,"column":40},"end":{"line":2,"column":53}},"3":{"start":{"line":3,"column":4},"end":{"line":3,"column":19}}},"fnMap":{"0":{"name":"(anonymous_0)","decl":{"start":{"line":1,"column":26},"end":{"line":1,"column":27}},"loc":{"start":{"line":1,"column":40},"end":{"line":4,"column":1}},"line":1},"1":{"name":"(anonymous_1)","decl":{"start":{"line":2,"column":32},"end":{"line":2,"column":33}},"loc":{"start":{"line":2,"column":40},"end":{"line":2,"column":53}},"line":2}},"branchMap":{},"s":{"0":1,"1":1,"2":2,"3":1},"f":{"0":1,"1":2},"b":{},"_coverageSchema":"1a1c01bbd47fc00a2c39e90264f33305004495a9","hash":"d09b045ced26fea74095d078f55ff1a95539b908"}
}
